<?xml version="1.0" encoding="UTF-8"?>
<!-- Generated by org.testng.reporters.JUnitReportReporter -->
<testsuite hostname="LAPTOP-DJHACNBA" failures="0" tests="10" name="Tests.Test_cases" time="124.290" errors="0" timestamp="2022-06-15T13:29:41 IST" skipped="0">
  <testcase classname="Tests.Test_cases" name="launch_calcluator" time="7.599"/>
  <system-out/>
  <testcase classname="Tests.Test_cases" name="operate1" time="12.948"/>
  <system-out/>
  <testcase classname="Tests.Test_cases" name="operate2" time="12.876"/>
  <system-out/>
  <testcase classname="Tests.Test_cases" name="operate3" time="12.866"/>
  <system-out/>
  <testcase classname="Tests.Test_cases" name="operate4" time="12.947"/>
  <system-out/>
  <testcase classname="Tests.Test_cases" name="positivedevide_byzero" time="12.835"/>
  <system-out/>
  <testcase classname="Tests.Test_cases" name="dividingzero_byzero" time="12.876"/>
  <system-out/>
  <testcase classname="Tests.Test_cases" name="postivemultiply_bynegative" time="13.203"/>
  <system-out/>
  <testcase classname="Tests.Test_cases" name="adding_negative" time="13.231"/>
  <system-out/>
  <testcase classname="Tests.Test_cases" name="substracting_negative" time="12.909"/>
  <system-out/>
</testsuite> <!-- Tests.Test_cases -->
