<?xml version="1.0" encoding="UTF-8"?>
<!-- Generated by org.testng.reporters.JUnitReportReporter -->
<testsuite hostname="LAPTOP-DJHACNBA" failures="0" tests="1" name="PulseiD.Update" time="1.932" errors="0" timestamp="2022-06-15T12:48:05 IST" skipped="0">
  <testcase classname="PulseiD.Update" name="update_data" time="1.932"/>
  <system-out/>
</testsuite> <!-- PulseiD.Update -->
