<?xml version="1.0" encoding="UTF-8"?>
<!-- Generated by org.testng.reporters.JUnitReportReporter -->
<testsuite hostname="LAPTOP-DJHACNBA" failures="0" tests="1" name="PulseiD.Read" time="0.963" errors="0" timestamp="2022-06-15T12:48:05 IST" skipped="0">
  <testcase classname="PulseiD.Read" name="get_data" time="0.963"/>
  <system-out/>
</testsuite> <!-- PulseiD.Read -->
